2025-01-27 00:32:33 - INFO - POST /cart/add - 61b18641-203a-48da-8914-20ba40b6bcd2 - Request To Server - {"body":{"userId":"679247e8ac71751fe9ee0d74","productId":"677ea9f4ec7f56c439619eb1","quantity":10,"price":10000}}
2025-01-27 00:32:33 - ERROR - POST /cart/add - 62a697bb-4ad8-4b4e-b2ad-a7c43a5db941 - Time response: NaNms - {"message":"Error: Not Found URL","module":"at D:\\Software\\Project\\management-backend-api\\routes\\error\\error.route.js:18:23"}
2025-01-27 00:33:17 - INFO - POST /cart/add - d08e27aa-4f2b-4b1c-9342-b947d6aefac9 - Request To Server - {"body":{"userId":"679247e8ac71751fe9ee0d74","productId":"677ea9f4ec7f56c439619eb1","quantity":10,"price":10000}}
2025-01-27 00:33:17 - ERROR - POST /cart/add - 621afb57-e405-450b-97d9-e3e095dc7ff5 - Time response: NaNms - {"message":"TypeError: Cannot read properties of null (reading 'id')","module":"at CartService.addProductToCart ","file":"\\cart.service.js:34:28"}
2025-01-27 00:35:00 - INFO - POST /cart/add - 3e83eff4-10e3-4fe4-912f-a8216b074122 - Request To Server - {"body":{"userId":"679247e8ac71751fe9ee0d74","productId":"677ea9f4ec7f56c439619eb1","quantity":10,"price":10000}}
2025-01-27 00:35:00 - ERROR - POST /cart/add - c08761b6-66bc-463a-b14d-b16b5cc847b0 - Time response: NaNms - {"message":"TypeError: Cannot read properties of null (reading 'id')","module":"at CartService.addProductToCart ","file":"\\cart.service.js:34:28"}
2025-01-27 00:35:28 - INFO - POST /cart/add - 88304876-ee09-4798-8ca0-a5c625b27a82 - Request To Server - {"body":{"userId":"679247e8ac71751fe9ee0d74","productId":"677ea9f4ec7f56c439619eb1","quantity":10,"price":10000}}
2025-01-27 00:35:28 - ERROR - POST /cart/add - 9596238b-7518-41c4-92e4-ece6a88f9848 - Time response: NaNms - {"message":"StrictModeError: Path \"status\" is not in schema, strict mode is `true`, and upsert is `true`.","module":"at cast ","file":"\\cast.js:305:17"}
2025-01-27 00:36:06 - INFO - POST /cart/add - 3455dab9-9b6d-4368-bdf2-fd5674484bb0 - Request To Server - {"body":{"userId":"679247e8ac71751fe9ee0d74","productId":"677ea9f4ec7f56c439619eb1","quantity":10,"price":10000}}
2025-01-27 00:36:33 - INFO - POST /cart/add - 50759bc0-2d76-4f60-9f73-9722307b310e - Request To Server - {"body":{"userId":"679247e8ac71751fe9ee0d74","productId":"677ea9f4ec7f56c439619eb1","quantity":10,"price":10000}}
2025-01-27 00:37:27 - INFO - POST /cart/add - 2598be6d-4f37-46a0-9ed8-c7d94923d2be - Request To Server - {"body":{"userId":"679247e8ac71751fe9ee0d74","productId":"677ea9f4ec7f56c439619eb1","quantity":10,"price":10000}}
2025-01-27 00:37:27 - ERROR - POST /cart/add - de9a6f3f-f4c3-4870-94a4-8bb588031fad - Time response: NaNms - {"message":"MongoServerError: Plan executor error during findAndModify :: caused by :: E11000 duplicate key error collection: management-backend-api-dev.carts index: _id_ dup key: { _id: null }","module":"at Connection.sendCommand ","file":"\\connection.js:296:27"}
2025-01-27 00:38:14 - INFO - POST /cart/add - 1df0d08a-bfa4-49ab-914a-83644fc0f85d - Request To Server - {"body":{"userId":"679247e8ac71751fe9ee0d74","productId":"677ea9f4ec7f56c439619eb1","quantity":10,"price":10000}}
2025-01-27 00:38:26 - INFO - POST /cart/add - 734a5421-b1c5-41c7-af63-d003ae810d5a - Request To Server - {"body":{"userId":"679247e8ac71751fe9ee0d74","productId":"677ea9f4ec7f56c439619eb1","quantity":10,"price":10000}}
2025-01-27 00:38:31 - INFO - POST /cart/add - 986baaae-ee76-4b0c-bf41-e8a8458e22bf - Request To Server - {"body":{"userId":"679247e8ac71751fe9ee0d74","productId":"677ea9f4ec7f56c439619eb1","quantity":10,"price":10000}}
2025-01-27 00:38:35 - INFO - POST /cart/add - 0c729eb8-b5a2-4dce-8f68-509634e33a8e - Request To Server - {"body":{"userId":"679247e8ac71751fe9ee0d74","productId":"677ea9f4ec7f56c439619eb1","quantity":10,"price":10000}}
2025-01-27 00:38:51 - INFO - POST /cart/add - 9371f5af-f5da-4d8a-aef8-e092c1fc8ae9 - Request To Server - {"body":{"userId":"679247e8ac71751fe9ee0d74","productId":"677ea9f4ec7f56c439619eb1","quantity":10,"price":10000}}
2025-01-27 01:00:47 - INFO - POST /cart/remove-item - 0c328dde-7a02-492e-8232-b8d9f5eafd74 - Request To Server - {"body":{"cartId":"6796731245b6220c2b0a2aa1","userId":"679247e8ac71751fe9ee0d74","productId":"677ea9f4ec7f56c439619eb1"}}
2025-01-27 01:01:19 - INFO - POST /cart/remove-item - 142eb69e-d195-45c5-abf7-bfa06ec0e86b - Request To Server - {"body":{"cartId":"6796731245b6220c2b0a2aa1","userId":"679247e8ac71751fe9ee0d74","productId":"677ea9f4ec7f56c439619eb1"}}
2025-01-27 01:02:06 - INFO - POST /cart/add - 2c0ce496-6db6-4584-8d07-965cd1a74112 - Request To Server - {"body":{"userId":"679247e8ac71751fe9ee0d74","productId":"677ea9f4ec7f56c439619eb1","quantity":10,"price":10000}}
2025-01-27 01:02:06 - ERROR - POST /cart/add - c96c084f-adba-4f64-9ab1-d3c00e49f71e - Time response: NaNms - {"message":"ReferenceError: foundCart is not defined","module":"at module.exports.addToCart ","file":"\\cart.repo.js:29:14"}
2025-01-27 01:04:46 - INFO - POST /cart/add - 44a31308-6b84-4dfd-a418-1f068e1acfd1 - Request To Server - {"body":{"userId":"679247e8ac71751fe9ee0d74","productId":"677ea9f4ec7f56c439619eb1","quantity":10,"price":10000}}
2025-01-27 01:04:46 - ERROR - POST /cart/add - b3ab3a66-2d4e-43b3-9e35-d7b64edeca01 - Time response: NaNms - {"message":"ReferenceError: foundCart is not defined","module":"at module.exports.addToCart ","file":"\\cart.repo.js:29:14"}
2025-01-27 01:05:13 - INFO - POST /cart/add - fa1047d3-3536-4d1c-b971-1ff51ce217cb - Request To Server - {"body":{"userId":"679247e8ac71751fe9ee0d74","productId":"677ea9f4ec7f56c439619eb1","quantity":10,"price":10000}}
2025-01-27 01:05:13 - ERROR - POST /cart/add - 14bb84d7-58d7-4899-948b-99ebe7ee2098 - Time response: NaNms - {"message":"ReferenceError: foundCart is not defined","module":"at module.exports.addToCart ","file":"\\cart.repo.js:29:14"}
2025-01-27 01:06:01 - INFO - POST /cart/add - 5924ca00-edfe-4ca5-9ff7-baa88ec5af7c - Request To Server - {"body":{"userId":"679247e8ac71751fe9ee0d74","productId":"677ea9f4ec7f56c439619eb1","quantity":10,"price":10000}}
2025-01-27 01:06:26 - INFO - POST /cart/remove-item - 4b9b4cec-0b56-4405-b686-fced6d3f7fcf - Request To Server - {"body":{"cartId":"6796731245b6220c2b0a2aa1","userId":"679247e8ac71751fe9ee0d74","productId":"677ea9f4ec7f56c439619eb1"}}
2025-01-27 01:07:03 - INFO - POST /cart/remove-item - 8bbca464-a962-4792-b8e6-fe2f7b74630e - Request To Server - {"body":{"cartId":"6796798945b6220c2b0a2ee9","userId":"679247e8ac71751fe9ee0d74","productId":"677ea9f4ec7f56c439619eb1"}}
2025-01-27 01:07:50 - INFO - POST /cart/remove-item - 63d5175a-3646-433d-bf94-1825d718c193 - Request To Server - {"body":{"cartId":"6796798945b6220c2b0a2ee9","userId":"679247e8ac71751fe9ee0d74","productId":"677ea9f4ec7f56c439619eb1"}}
2025-01-27 01:09:55 - INFO - POST /cart/remove-item - 0ad3a2eb-b4f6-4471-8a08-4a18a30ed1b0 - Request To Server - {"body":{"cartId":"6796798945b6220c2b0a2ee9","userId":"679247e8ac71751fe9ee0d74","productId":"677ea9f4ec7f56c439619eb1"}}
2025-01-27 03:24:42 - INFO - POST /cart/remove-item - 1426267d-f94e-4ec0-a509-9b65dfe0a9d9 - Request To Server - {"body":{"cartId":"6796798945b6220c2b0a2ee9","userId":"679247e8ac71751fe9ee0d74","productId":"677ea9f4ec7f56c439619eb1"}}
2025-01-27 03:25:35 - INFO - POST /cart/remove-item - 29bd18b0-3bac-4e70-badd-6c2f6cbc73ad - Request To Server - {"body":{"cartId":"6796798945b6220c2b0a2ee9","userId":"679247e8ac71751fe9ee0d74","productId":"677ea9f4ec7f56c439619eb1"}}
2025-01-27 03:26:05 - INFO - POST /cart/remove-item - aa3e040c-ac51-4b3e-9880-c4835123509b - Request To Server - {"body":{"cartId":"6796798945b6220c2b0a2ee9","userId":"679247e8ac71751fe9ee0d74","productId":"677ea9f4ec7f56c439619eb1"}}
2025-01-27 03:26:24 - INFO - POST /cart/remove-item - 707f308f-f558-42d0-8d1c-08dda9cc008a - Request To Server - {"body":{"cartId":"6796798945b6220c2b0a2ee9","userId":"679247e8ac71751fe9ee0d74","productId":"677ea9f4ec7f56c439619eb1"}}
2025-01-27 03:28:49 - INFO - POST /cart/remove-item - 17f64442-fd41-4508-a61b-f177ef22c455 - Request To Server - {"body":{"cartId":"6796798945b6220c2b0a2ee9","userId":"679247e8ac71751fe9ee0d74","productId":"677ea9f4ec7f56c439619eb1"}}
2025-01-27 03:30:08 - INFO - POST /cart/remove-item - 77149397-4b6d-4c98-8a02-abf96fa715be - Request To Server - {"body":{"cartId":"6796798945b6220c2b0a2ee9","userId":"679247e8ac71751fe9ee0d74","productId":"677ea9f4ec7f56c439619eb1"}}
2025-01-27 03:30:34 - INFO - POST /cart/remove-item - 073c0ece-fa2b-460d-bd1f-e86c49037cb9 - Request To Server - {"body":{"cartId":"6796798945b6220c2b0a2ee9","userId":"679247e8ac71751fe9ee0d74","productId":"677ea9f4ec7f56c439619eb1"}}
2025-01-27 03:30:34 - ERROR - POST /cart/remove-item - 027460cb-4a61-4fb5-8bc6-303356883755 - Time response: NaNms - {"message":"Error: Invalid atomic update value for $inc. Expected an object, received number","module":"at castUpdate ","file":"\\castUpdate.js:138:13"}
2025-01-27 03:31:19 - INFO - POST /cart/remove-item - 5e71a3ba-6118-4033-897b-78a5287fe795 - Request To Server - {"body":{"cartId":"6796798945b6220c2b0a2ee9","userId":"679247e8ac71751fe9ee0d74","productId":"677ea9f4ec7f56c439619eb1"}}
2025-01-27 22:38:43 - INFO - POST /cart/remove-item - cb97e1c4-3fa7-4bbd-abbf-a3039a174cd3 - Request To Server - {"body":{"cartId":"6796798945b6220c2b0a2ee9","userId":"679247e8ac71751fe9ee0d74","productId":"677ea9f4ec7f56c439619eb1"}}
2025-01-27 22:39:22 - INFO - POST /cart/remove-item - 7dcdce0e-2964-4288-8f1c-c6b08ee0b07e - Request To Server - {"body":{"cartId":"6796798945b6220c2b0a2ee9","userId":"679247e8ac71751fe9ee0d74","productId":"677ea9f4ec7f56c439619eb1"}}
2025-01-27 22:41:21 - INFO - POST /cart/remove-item - cbb7a6bf-5f4b-4e78-8259-187159e9921f - Request To Server - {"body":{"cartId":"6796798945b6220c2b0a2ee9","userId":"679247e8ac71751fe9ee0d74","productId":"677ea9f4ec7f56c439619eb1"}}
2025-01-27 22:44:23 - INFO - POST /cart/remove-item - 8056ebaa-e2fa-4928-bc92-00d1bd8952fa - Request To Server - {"body":{"cartId":"6796798945b6220c2b0a2ee9","userId":"679247e8ac71751fe9ee0d74","productId":"677ea9f4ec7f56c439619eb1"}}
2025-01-27 22:44:57 - INFO - POST /cart/remove-item - 642e8584-28da-4eaa-8153-3ab57c8ebf0a - Request To Server - {"body":{"cartId":"6796798945b6220c2b0a2ee9","userId":"679247e8ac71751fe9ee0d74","productId":"677ea9f4ec7f56c439619eb1"}}
2025-01-27 22:45:35 - INFO - POST /cart/remove-item - c191e14f-2c83-497f-b153-1eb1d95250a3 - Request To Server - {"body":{"cartId":"6796798945b6220c2b0a2ee9","userId":"679247e8ac71751fe9ee0d74","productId":"677ea9f4ec7f56c439619eb1"}}
2025-01-27 22:46:33 - INFO - POST /cart/remove-item - e3c8daa6-d0e3-4a1f-aa0c-34ae647a8f85 - Request To Server - {"body":{"cartId":"6796798945b6220c2b0a2ee9","userId":"679247e8ac71751fe9ee0d74","productId":"677ea9f4ec7f56c439619eb1"}}
2025-01-27 22:48:41 - INFO - POST /cart/remove-item - 434d5570-7118-4f01-bef7-24375cdd4b95 - Request To Server - {"body":{"cartId":"6796798945b6220c2b0a2ee9","userId":"679247e8ac71751fe9ee0d74","productId":"677ea9f4ec7f56c439619eb1"}}
2025-01-27 22:57:15 - INFO - POST /cart/remove-item - d9435da6-b5fb-487a-8254-021dc0149846 - Request To Server - {"body":{"cartId":"6796798945b6220c2b0a2ee9","userId":"679247e8ac71751fe9ee0d74","productId":"677ea9f4ec7f56c439619eb1"}}
2025-01-27 22:57:37 - INFO - POST /cart/add - a1ce91a9-a6f8-4205-9737-0bfe871bc55e - Request To Server - {"body":{"userId":"679247e8ac71751fe9ee0d74","productId":"677ea9f4ec7f56c439619eb1","quantity":10,"price":10000}}
2025-01-27 22:57:49 - INFO - POST /cart/remove-item - aee1b8dc-1cd6-4994-9333-46b966804150 - Request To Server - {"body":{"cartId":"6797acf145b6220c2b0a79b2","userId":"679247e8ac71751fe9ee0d74","productId":"677ea9f4ec7f56c439619eb1"}}
