2025-01-24 13:40:51 - INFO - POST /user/sign-up - 93a78627-c05d-4f01-87ad-24ee07acf5cc - Request To Server - {"body":{"email":"giangtruong100702@gmail.com","password":"matKhauSieuManh"}}
2025-01-24 13:40:51 - ERROR - POST /user/sign-up - 0fd8644a-2810-4de7-a5db-7e94f71586bc - Time response: 0ms - {"message":"Error: Email is exists","module":"at UserService.signUp ","file":"\\user.service.js:25:32"}
2025-01-24 13:49:00 - INFO - POST /user/login - 0fee2c1c-abd0-4ecd-a296-f4fa26c9cd75 - Request To Server - {"body":{"email":"giangtruong100702@gmail.com","password":"matKhauSieuManh"}}
2025-01-24 13:49:00 - ERROR - POST /user/login - 53f21601-c496-4d7c-959f-98c76d02485e - Time response: NaNms - {"message":"ReferenceError: newUser is not defined","module":"at UserService.login ","file":"\\user.service.js:87:22"}
2025-01-24 13:49:26 - INFO - POST /user/login - c0f1ae6f-c254-47f3-9a38-96c5fb52ae2d - Request To Server - {"body":{"email":"giangtruong100702@gmail.com","password":"matKhauSieuManh"}}
2025-01-24 13:52:52 - INFO - POST /user/login - 6ce09470-0ec2-443b-936d-d702cb36302b - Request To Server - {"body":{"email":"giangtruong100702@gmail.com","password":"matKhauSieuManh"}}
2025-01-24 13:52:52 - ERROR - POST /user/login - 2845fe39-26c9-43cd-93cb-d6064b4f7023 - Time response: 2ms - {"message":"Error: Your status is pending","module":"at UserService.login ","file":"\\user.service.js:81:52"}
2025-01-24 13:53:19 - INFO - POST /user/login - 754dbd4d-484c-46c6-afbc-cb6c44b0c211 - Request To Server - {"body":{"email":"giangtruong100702@gmail.com","password":"matKhauSieuManh"}}
2025-01-24 14:50:06 - INFO - POST /user/login - de47de95-cb57-46b3-b71d-41814e16a318 - Request To Server - {"body":{"email":"giangtruong100702@gmail.com","password":"matKhauSieuManh"}}
2025-01-24 14:50:06 - ERROR - POST /user/login - c7a49fc3-4a86-4152-b5c8-c02c0a343df5 - Time response: NaNms - {"message":"TypeError: Class constructor MailService cannot be invoked without 'new'","module":"at module.exports.login ","file":"\\user.controller.js:40:5"}
2025-01-24 14:50:29 - INFO - POST /user/login - 44fc6651-b03f-4da3-a049-0f674a3efdd3 - Request To Server - {"body":{"email":"giangtruong100702@gmail.com","password":"matKhauSieuManh"}}
2025-01-24 14:52:43 - INFO - POST /user/login - 1f069975-624e-4d75-9a39-a1384431d13b - Request To Server - {"body":{"email":"giangtruong100702@gmail.com","password":"matKhauSieuManh"}}
2025-01-24 14:53:49 - INFO - POST /user/login - 51d5d145-0142-4263-b869-e3c9feeabd14 - Request To Server - {"body":{"email":"giangtruong100702@gmail.com","password":"matKhauSieuManh"}}
2025-01-24 14:53:49 - ERROR - POST /user/login - 5b58207c-4ab5-444b-8fa6-187d0f98e569 - Time response: NaNms - {"message":"Error: connect ECONNREFUSED 127.0.0.1:587","module":"at TCPConnectWrap.afterConnect [as oncomplete] ","file":""}
2025-01-24 14:54:18 - INFO - POST /user/login - fb6748d4-2978-4f74-b9e2-5aa20bf4c49a - Request To Server - {"body":{"email":"giangtruong100702@gmail.com","password":"matKhauSieuManh"}}
2025-01-24 14:54:18 - ERROR - POST /user/login - e7a7479b-e905-4d2f-bc80-ce8fcb131ae0 - Time response: NaNms - {"message":"Error: connect ECONNREFUSED 127.0.0.1:587","module":"at TCPConnectWrap.afterConnect [as oncomplete] ","file":""}
2025-01-24 14:55:21 - INFO - POST /user/login - 6eac60a3-3f01-4d8b-bc27-aef6228bf9b1 - Request To Server - {"body":{"email":"giangtruong100702@gmail.com","password":"matKhauSieuManh"}}
2025-01-24 14:55:21 - ERROR - POST /user/login - d02a5faf-2b8b-4fbd-9ab8-ddf7694134f5 - Time response: NaNms - {"message":"Error: connect ECONNREFUSED 127.0.0.1:465","module":"at TCPConnectWrap.afterConnect [as oncomplete] ","file":""}
2025-01-24 14:55:49 - INFO - POST /user/login - b1d51575-7279-434b-8100-798bb1a27e97 - Request To Server - {"body":{"email":"giangtruong100702@gmail.com","password":"matKhauSieuManh"}}
2025-01-24 14:55:51 - ERROR - POST /user/login - 547cf6b8-d84b-4930-b79a-473d5e4787a3 - Time response: NaNms - {"message":"Error: No recipients defined","module":"at SMTPConnection._formatError ","file":"\\index.js:809:19"}
2025-01-24 14:56:19 - INFO - POST /user/login - ee125b54-c398-40c1-b66f-84e9954b3684 - Request To Server - {"body":{"email":"giangtruong100702@gmail.com","password":"matKhauSieuManh"}}
2025-01-24 14:56:40 - ERROR - POST /user/login - 9c5947b1-6b0a-4c87-8e04-a59c90bc4f7b - Time response: NaNms - {"message":"Error: connect ETIMEDOUT 142.250.76.5:587","module":"at TCPConnectWrap.afterConnect [as oncomplete] ","file":""}
2025-01-24 14:56:59 - INFO - POST /user/login - 1cc8e707-85c0-4ca0-874d-ca452390265c - Request To Server - {"body":{"email":"giangtruong100702@gmail.com","password":"matKhauSieuManh"}}
2025-01-24 14:57:06 - ERROR - POST /user/login - 4e7ad683-4044-464e-8406-36db510ea59b - Time response: NaNms - {"message":"Error: getaddrinfo ENOTFOUND gmail","module":"at GetAddrInfoReqWrap.onlookupall [as oncomplete] ","file":""}
2025-01-24 14:58:38 - INFO - POST /user/login - 5b15cd72-b7b6-48fc-92a4-2175ac73d362 - Request To Server - {"body":{"email":"giangtruong100702@gmail.com","password":"matKhauSieuManh"}}
2025-01-24 14:59:00 - ERROR - POST /user/login - 0ead23fd-ae22-40da-86ad-0b41c19d6e1f - Time response: NaNms - {"message":"Error: connect ETIMEDOUT 142.250.198.197:587","module":"at TCPConnectWrap.afterConnect [as oncomplete] ","file":""}
2025-01-24 15:00:07 - INFO - POST /user/login - fbebbe44-a117-45b8-81d4-fab1a2bda5da - Request To Server - {"body":{"email":"giangtruong100702@gmail.com","password":"matKhauSieuManh"}}
2025-01-24 15:00:08 - ERROR - POST /user/login - 7e364fa3-2147-492f-8c11-b01e4515f732 - Time response: NaNms - {"message":"Error: No recipients defined","module":"at SMTPConnection._formatError ","file":"\\index.js:809:19"}
2025-01-24 15:03:52 - INFO - POST /user/login - 2dcbda63-66b1-468c-809e-cbd9c1967d60 - Request To Server - {"body":{"email":"giangtruong100702@gmail.com","password":"matKhauSieuManh"}}
