2025-01-26 17:10:49 - INFO - POST /sign-up - 9ca71312-648d-4a4a-911b-ef4fd74625d8 - Request To Server - {"body":{"email":"giangtruong100702@gmail.com","password":"matKhauSieuManh"}}
2025-01-26 17:11:17 - INFO - POST /sign-up - ee3f66e7-1892-4595-83ab-30f776472b57 - Request To Server - {"body":{"email":"giangtruong100702@gmail.com","password":"matKhauSieuManh"}}
2025-01-26 17:12:19 - INFO - POST /sign-up - c1db5977-ff3e-4059-a0d2-ce540c2c9178 - Request To Server - {"body":{"email":"giangtruong100702@gmail.com","password":"matKhauSieuManh"}}
2025-01-26 17:12:19 - ERROR - POST /sign-up - e86329c8-7aee-4151-a8d0-62d1aa64b7bb - Time response: 1ms - {"message":"Error: Email is exists","module":"at AccessService.signUp ","file":"\\access.service.js:44:32"}
2025-01-26 17:25:36 - INFO - POST /identify/password/forgot-password - e8745866-863e-437b-9434-d3d711a16df3 - Request To Server - {"body":{"email":"giangtruong100702@gmail.com"}}
2025-01-26 17:25:36 - ERROR - POST /identify/password/forgot-password - 2ea061f4-1433-4c83-bd0c-ec91dbffb265 - Time response: NaNms - {"message":"Error: Not Found URL","module":"at D:\\Software\\Project\\management-backend-api\\routes\\error\\error.route.js:18:23"}
2025-01-26 17:26:05 - INFO - POST /identify/password/forgot-password - eb946ab7-b625-4fd0-9f34-fbe2bba6729b - Request To Server - {"body":{"email":"giangtruong100702@gmail.com"}}
2025-01-26 17:26:05 - ERROR - POST /identify/password/forgot-password - 347da49f-6360-4d2d-ad34-1b47483efdcb - Time response: NaNms - {"message":"Error: Not Found URL","module":"at D:\\Software\\Project\\management-backend-api\\routes\\error\\error.route.js:18:23"}
2025-01-26 17:27:34 - INFO - POST /identify/password/forgot-password - 27b71c52-21e6-49e1-9a5b-fa3a05026be5 - Request To Server - {"body":{"email":"giangtruong100702@gmail.com"}}
2025-01-26 17:27:34 - ERROR - POST /identify/password/forgot-password - 5920c739-d70e-480c-94e5-c6dc42d36d5d - Time response: NaNms - {"message":"ReferenceError: UserService is not defined","module":"at module.exports.forgotPassword ","file":"\\identify.controller.js:11:25"}
2025-01-26 17:27:50 - INFO - POST /identify/password/forgot-password - 3c5460f5-0c2d-4b90-9b04-de3ffada3cff - Request To Server - {"body":{"email":"giangtruong100702@gmail.com"}}
2025-01-26 17:27:50 - ERROR - POST /identify/password/forgot-password - a87e7dd5-f084-4db3-8f7d-d6d213bd8dbc - Time response: NaNms - {"message":"TypeError: generateRandomNumString is not a function","module":"at module.exports.createNewOtp ","file":"\\otp.repo.js:15:17"}
2025-01-26 17:28:36 - INFO - POST /identify/password/forgot-password - 1f9427d8-f16b-4a64-a022-a98156c4f6ed - Request To Server - {"body":{"email":"giangtruong100702@gmail.com"}}
2025-01-26 17:28:36 - ERROR - POST /identify/password/forgot-password - 23f2e449-3288-4b30-8698-e013dad04bbf - Time response: NaNms - {"message":"TypeError: generateRandomNumString is not a function","module":"at module.exports.createNewOtp ","file":"\\otp.repo.js:15:17"}
2025-01-26 17:30:19 - INFO - POST /identify/password/forgot-password - 0b3f3a77-ba3d-416a-bddc-eba115259285 - Request To Server - {"body":{"email":"giangtruong100702@gmail.com"}}
2025-01-26 17:30:19 - ERROR - POST /identify/password/forgot-password - 1791fc48-0d6e-4548-a9f6-a0ab2a124671 - Time response: NaNms - {"message":"ReferenceError: otp is not defined","module":"at IdentifyService.forgotPassword ","file":"\\identify.service.js:48:112"}
2025-01-26 17:30:51 - INFO - POST /identify/password/forgot-password - 94b651c9-5710-4a47-83e7-9b8a81bae4c9 - Request To Server - {"body":{"email":"giangtruong100702@gmail.com"}}
2025-01-26 17:30:55 - ERROR - POST /identify/password/forgot-password - 7ca719a0-f60d-4018-a53f-93b091953bd7 - Time response: NaNms - {"message":"ReferenceError: otp is not defined","module":"at IdentifyService.forgotPassword ","file":"\\identify.service.js:53:13"}
2025-01-26 17:31:23 - INFO - POST /identify/password/forgot-password - 228ff127-9480-4672-9254-dddc42c53f1d - Request To Server - {"body":{"email":"giangtruong100702@gmail.com"}}
2025-01-26 17:32:22 - INFO - POST /identify/password/verify-otp - a13f1ac0-e817-42d4-911b-21e32b06a92a - Request To Server - {"body":{"userId":"679247e8ac71751fe9ee0d74","email":"giangtruong100702@gmail.com","otp":"472338"}}
2025-01-26 17:35:30 - INFO - POST /identify/password/reset-password - 5e899bba-3ab0-4c27-a2d3-28955130c9e9 - Request To Server - {"body":{"userId":"679247e8ac71751fe9ee0d74","email":"giangtruong100702@gmail.com","otp":"472338","password":"sieuManhMatKhau","confirmPassword":"sieuManhMatKhau"}}
2025-01-26 17:35:30 - ERROR - POST /identify/password/reset-password - 95b928dd-cb1d-4887-b3d1-4fd7044e117b - Time response: 0ms - {"message":"Error: Otp is not valid","module":"at IdentifyService.resetPassword ","file":"\\identify.service.js:101:26"}
2025-01-26 17:36:42 - INFO - POST /identify/password/forgot-password - c0e52614-e931-4c0c-90cc-2d5350795c5c - Request To Server - {"body":{"email":"giangtruong100702@gmail.com"}}
2025-01-26 17:36:56 - INFO - POST /identify/password/verify-otp - 0a40ac7f-d22c-4152-b4c1-91890823143a - Request To Server - {"body":{"userId":"679247e8ac71751fe9ee0d74","email":"giangtruong100702@gmail.com","otp":"854575"}}
2025-01-26 17:37:01 - INFO - POST /identify/password/reset-password - 82277fa1-4e09-4c45-8e80-658c39bbc9fb - Request To Server - {"body":{"userId":"679247e8ac71751fe9ee0d74","email":"giangtruong100702@gmail.com","otp":"854575","password":"sieuManhMatKhau","confirmPassword":"sieuManhMatKhau"}}
2025-01-26 17:37:01 - ERROR - POST /identify/password/reset-password - c1eae0aa-74e4-4f7d-bec0-8c86ed595390 - Time response: NaNms - {"message":"Error: rounds must be a number","module":"at Object.genSaltSync ","file":"\\bcrypt.js:20:15"}
2025-01-26 17:37:04 - INFO - POST /identify/password/reset-password - 86c39a9a-053e-4682-bf04-e1937780dd7b - Request To Server - {"body":{"userId":"679247e8ac71751fe9ee0d74","email":"giangtruong100702@gmail.com","otp":"854575","password":"sieuManhMatKhau","confirmPassword":"sieuManhMatKhau"}}
2025-01-26 17:37:04 - ERROR - POST /identify/password/reset-password - 4f8d3bd1-cdd5-4ae6-a12b-367ec1c44c06 - Time response: NaNms - {"message":"Error: rounds must be a number","module":"at Object.genSaltSync ","file":"\\bcrypt.js:20:15"}
2025-01-26 17:37:40 - INFO - POST /identify/password/reset-password - d0cfd44e-c358-440b-a635-3462ce40ee55 - Request To Server - {"body":{"userId":"679247e8ac71751fe9ee0d74","email":"giangtruong100702@gmail.com","otp":"854575","password":"sieuManhMatKhau","confirmPassword":"sieuManhMatKhau"}}
