2025-01-22 00:20:45 - ERROR - GET /admin/categories/tree-category - 7c81afa1-7368-4cdf-af28-6993ac127c9d - Time response: 2ms - {"message":"Error: Hãy đăng nhập lại","module":"at module.exports.requireAuth ","file":"\\auth.middleware.js:44:29"}
2025-01-22 00:21:26 - ERROR - GET /admin/categories/tree-category - 645f5929-c6fa-4794-bc52-fc12f849dedc - Time response: NaNms - {"message":"Error: Not Found URL","module":"at D:\\Software\\Project\\management-backend-api\\routes\\error\\error.route.js:18:23"}
2025-01-22 00:34:00 - ERROR - GET / - 1fce0fd4-2ba9-42e7-addb-dea0839df58e - Time response: NaNms - {"message":"Error: Not Found URL","module":"at D:\\Software\\Project\\management-backend-api\\routes\\error\\error.route.js:18:23"}
2025-01-22 00:34:01 - ERROR - GET /favicon.ico - cbefb763-5c92-49a2-b89a-48cf2bf25d13 - Time response: NaNms - {"message":"Error: Not Found URL","module":"at D:\\Software\\Project\\management-backend-api\\routes\\error\\error.route.js:18:23"}
2025-01-22 00:35:04 - ERROR - GET /admin/categories/tree-category - c7387e7b-a69c-4655-87f4-95e8cfc67285 - Time response: 1ms - {"message":"Error: Hãy đăng nhập lại","module":"at module.exports.requireAuth ","file":"\\auth.middleware.js:44:29"}
2025-01-22 00:35:04 - ERROR - GET /favicon.ico - b2e7ac22-5bc8-4c73-8757-9a6243f087ed - Time response: NaNms - {"message":"Error: Not Found URL","module":"at D:\\Software\\Project\\management-backend-api\\routes\\error\\error.route.js:18:23"}
2025-01-22 00:35:08 - ERROR - GET /admin/categories/tree-category - 16554faa-c29d-4706-864f-5dbc6c451200 - Time response: 1ms - {"message":"Error: Hãy đăng nhập lại","module":"at module.exports.requireAuth ","file":"\\auth.middleware.js:44:29"}
2025-01-22 00:35:08 - ERROR - GET /favicon.ico - 805d5bb4-9f57-4d52-8731-19f8acb2b76e - Time response: NaNms - {"message":"Error: Not Found URL","module":"at D:\\Software\\Project\\management-backend-api\\routes\\error\\error.route.js:18:23"}
2025-01-22 00:35:26 - ERROR - GET /favicon.ico - 0b7ef021-5a3b-4036-86cb-f0dc41ee64ec - Time response: NaNms - {"message":"Error: Not Found URL","module":"at D:\\Software\\Project\\management-backend-api\\routes\\error\\error.route.js:18:23"}
2025-01-22 01:15:20 - ERROR - DELETE /admin/categories/delete-soft/678fd95a2bec3b15f299718f - f1e5c87d-9238-46ae-bf02-c282cacc3481 - Time response: NaNms - {"message":"Error: Not Found URL","module":"at D:\\Software\\Project\\management-backend-api\\routes\\error\\error.route.js:18:23"}
2025-01-22 01:15:37 - ERROR - DELETE /admin/categories/delete-soft/678fd95a2bec3b15f299718f - e7685d4a-33a2-4276-8afb-825a5c7ad036 - Time response: NaNms - {"message":"Error: slugify: string argument expected","module":"at replace ","file":"\\slugify.js:20:13"}
2025-01-22 01:16:23 - ERROR - DELETE /admin/categories/delete-soft/678fd95a2bec3b15f299718f - 28e16dd6-93db-4999-9aea-96c039805f20 - Time response: NaNms - {"message":"Error: slugify: string argument expected","module":"at replace ","file":"\\slugify.js:20:13"}
2025-01-22 01:16:28 - ERROR - DELETE /admin/categories/delete-soft/678fd95a2bec3b15f299718f - 28f75cf5-df2c-49aa-92ca-ac439bedc829 - Time response: NaNms - {"message":"Error: slugify: string argument expected","module":"at replace ","file":"\\slugify.js:20:13"}
2025-01-22 01:17:47 - ERROR - DELETE /admin/categories/delete-soft/678fd95a2bec3b15f299718f - 33c4067b-bae3-4ff0-bc73-6d4e7681d4a6 - Time response: NaNms - {"message":"Error: slugify: string argument expected","module":"at replace ","file":"\\slugify.js:20:13"}
2025-01-22 01:36:32 - ERROR - PATCH /admin/categories/update-status/678fd93b2bec3b15f299718a/active - c515a4c9-9372-44a7-b131-82b85730cf4b - Time response: NaNms - {"message":"Error: Not Found URL","module":"at D:\\Software\\Project\\management-backend-api\\routes\\error\\error.route.js:18:23"}
2025-01-22 13:56:22 - ERROR - GET /admin/roles/ - bc512035-caad-45da-8b9f-cf5664222365 - Time response: 0ms - {"message":"Error: Hãy đăng nhập lại","module":"at module.exports.requireAuth ","file":"\\auth.middleware.js:45:29"}
2025-01-22 13:56:45 - ERROR - GET /admin/roles/ - 5f47685b-ea27-4a85-8c47-e32b7bc51062 - Time response: NaNms - {"message":"TypeError: findAccountWithPopulate is not a function","module":"at module.exports.requireAuth ","file":"\\auth.middleware.js:60:32"}
2025-01-22 13:58:22 - ERROR - GET /admin/roles/ - 1e9dc90c-322a-467b-b8e5-a819c414bfd4 - Time response: NaNms - {"message":"StrictPopulateError: Cannot populate path `role_name` because it is not in your schema. Set the `strictPopulate` option to false to override.","module":"at getModelsMapForPopulate ","file":"\\getModelsMapForPopulate.js:50:12"}
2025-01-22 14:22:05 - ERROR - GET /admin/roles/ - 1873139e-4d7c-46d1-85bb-7742d9aa1912 - Time response: NaNms - {"message":"TypeError: Cannot set properties of undefined (setting 'roleId')","module":"at module.exports.requireAuth ","file":"\\auth.middleware.js:67:21"}
2025-01-22 14:22:47 - ERROR - GET /admin/roles/ - 47dc3234-0023-468e-8f84-f1b5f8705a14 - Time response: NaNms - {"message":"TypeError: Cannot set properties of undefined (setting 'roleId')","module":"at module.exports.requireAuth ","file":"\\auth.middleware.js:68:21"}
2025-01-22 14:23:25 - ERROR - GET /admin/roles/ - 41abb81b-4aaa-4cd9-b918-b33d90c5bef3 - Time response: NaNms - {"message":"TypeError: Cannot set properties of undefined (setting 'roleId')","module":"at module.exports.requireAuth ","file":"\\auth.middleware.js:68:21"}
2025-01-22 14:24:04 - ERROR - GET /admin/roles/ - dbb17c4b-d889-45ea-afb6-a7a73ac6e389 - Time response: NaNms - {"message":"TypeError: Cannot set properties of undefined (setting 'roleId')","module":"at module.exports.requireAuth ","file":"\\auth.middleware.js:68:21"}
2025-01-22 14:24:21 - ERROR - GET /admin/roles/ - 7887a843-9894-4b06-a901-98c9fb5c8f50 - Time response: NaNms - {"message":"TypeError: Cannot set properties of undefined (setting 'roleId')","module":"at module.exports.requireAuth ","file":"\\auth.middleware.js:68:21"}
2025-01-22 14:24:39 - ERROR - GET /admin/roles/ - 526b497f-b7f9-4186-a094-db8e942f8f1a - Time response: NaNms - {"message":"TypeError: Cannot set properties of undefined (setting 'roleId')","module":"at module.exports.requireAuth ","file":"\\auth.middleware.js:68:21"}
2025-01-22 14:24:52 - ERROR - GET /admin/roles/ - 51f2dbf2-63d8-439e-83ff-b2543f48d924 - Time response: NaNms - {"message":"TypeError: Cannot set properties of undefined (setting 'roleId')","module":"at module.exports.requireAuth ","file":"\\auth.middleware.js:67:21"}
2025-01-22 14:25:27 - ERROR - GET /admin/roles/ - 462dd815-1ef2-400a-b538-138d5b70b857 - Time response: NaNms - {"message":"TypeError: Cannot set properties of undefined (setting 'roleId')","module":"at module.exports.requireAuth ","file":"\\auth.middleware.js:69:21"}
2025-01-22 14:27:02 - ERROR - GET /admin/roles/ - 9a0f6592-657d-4748-bacd-1e919d89164f - Time response: NaNms - {"message":"TypeError: Cannot set properties of undefined (setting 'rolePermission')","module":"at module.exports.requireAuth ","file":"\\auth.middleware.js:70:29"}
2025-01-22 14:36:28 - ERROR - POST /admin/roles/create - cd60786e-da08-4ebe-9299-d273b3caec57 - Time response: 1ms - {"message":"Error: Your permission not found","module":"at D:\\Software\\Project\\management-backend-api\\middleware\\admin\\permission.middleware.js:27:61"}
2025-01-22 14:39:45 - ERROR - POST /admin/roles/create - c11632af-5199-4d79-9103-3e5cf262f9e1 - Time response: 3ms - {"message":"Error: Your permission not found","module":"at D:\\Software\\Project\\management-backend-api\\middleware\\admin\\permission.middleware.js:29:61"}
2025-01-22 14:39:59 - ERROR - POST /admin/roles/create - 7b1afac5-2039-42a2-a870-180cdd463602 - Time response: 2ms - {"message":"Error: Your permission not found","module":"at D:\\Software\\Project\\management-backend-api\\middleware\\admin\\permission.middleware.js:29:61"}
2025-01-22 14:40:34 - ERROR - PATCH /admin/roles/update/67766ae1469923c85c526bb8 - f1ac65aa-0ff8-48cb-9ea7-bbef60f0cfc5 - Time response: 0ms - {"message":"Error: Hãy đăng nhập lại","module":"at module.exports.requireAuth ","file":"\\auth.middleware.js:45:29"}
2025-01-22 14:40:52 - ERROR - PATCH /admin/roles/update/67766ae1469923c85c526bb8 - 88afa160-f9f0-4350-b307-14d524eaa689 - Time response: 1ms - {"message":"Error: Your permission not found","module":"at D:\\Software\\Project\\management-backend-api\\middleware\\admin\\permission.middleware.js:29:61"}
2025-01-22 14:44:09 - ERROR - PATCH /admin/roles/update/67766ae1469923c85c526bb8 - 7c441953-b278-4e94-9eea-35f4e1c27c39 - Time response: 3ms - {"message":"Error: Không tìm thấy nhóm quyền này","module":"at RoleService.updateRole ","file":"\\role.service.js:73:30"}
