2025-01-28 17:38:49 - INFO - POST /cart/add - 0bcc6835-bb7f-4e1c-b99c-dd79cb3cb878 - Request To Server - {"body":{"userId":"679247e8ac71751fe9ee0d74","productId":"677ea9f4ec7f56c439619eb1","quantity":10,"price":10000}}
2025-01-28 17:39:17 - INFO - POST /cart/add - 53d07c31-6b54-4478-a1c9-8865a068e2c9 - Request To Server - {"body":{"userId":"679247e8ac71751fe9ee0d74","productId":"677ea9f4ec7f56c439619eb1","quantity":10,"price":10000}}
2025-01-28 17:59:11 - INFO - POST /cart/add - 90e9b8ab-fe01-4799-a9c1-da314dcae31e - Request To Server - {"body":{"userId":"679247e8ac71751fe9ee0d74","productId":"677ea9f4ec7f56c439619eb1","quantity":10,"price":10000}}
2025-01-28 18:03:26 - INFO - POST /admin/products/create - aa0019ee-6eab-429d-9316-8bde452e1e57 - Request To Server - {"body":{"product_categoryId":"6773ed0c305e8d22e92ba096","product_name":"Chúa tể những chiếc nhẫn","product_description":"Cảnh sát thu thập được một số vân tay trên tay lái, khung và yên xe. Ngoài chiếc xe đạp, cảnh sát còn tìm được quần áo được cho là của nạn nhân ở cách hiện trường khoảng một trăm mét. Áo khoác, áo len, tất và đồ lót của nạn nhân được nhét vào một cái can cỡ mười tám lít. Một phần quần áo đã bị đốt cháy. Có thể đoán sau khi châm lửa đốt. hung thủ đã bỏ đi. Tuy nhiên sau đó lửa không cháy hết như hắn dự tính.","product_thumb":["Tạm thời chưa có"],"product_quantity":100,"product_price":100000,"product_type":"Book","product_accountId":"677229b88d0a7747ccddf270","product_attributes":{"provider":"Nhã Nam","author":"Keigo Higashino","cover":"soft","lang":"vi","accountId":"677229b88d0a7747ccddf270"}}}
2025-01-28 18:03:26 - ERROR - POST /admin/products/create - b9a6a6eb-05e1-444a-bb05-632a48657524 - Time response: NaNms - {"message":"TokenExpiredError: jwt expired","module":"at D:\\Software\\Project\\management-backend-api\\node_modules\\jsonwebtoken\\verify.js:190:21"}
2025-01-28 18:03:34 - INFO - POST /admin/accounts/login - 4c2dd459-42b2-4f82-89cd-13cb833531a4 - Request To Server - {"body":{"email":"giangtruong100702@gmail.com","password":"matKhauSieuManh"}}
2025-01-28 18:03:53 - INFO - POST /admin/products/create - bec80199-7a43-4a7b-9cbc-03ead6376fb8 - Request To Server - {"body":{"product_categoryId":"6773ed0c305e8d22e92ba096","product_name":"Chúa tể những chiếc nhẫn","product_description":"Cảnh sát thu thập được một số vân tay trên tay lái, khung và yên xe. Ngoài chiếc xe đạp, cảnh sát còn tìm được quần áo được cho là của nạn nhân ở cách hiện trường khoảng một trăm mét. Áo khoác, áo len, tất và đồ lót của nạn nhân được nhét vào một cái can cỡ mười tám lít. Một phần quần áo đã bị đốt cháy. Có thể đoán sau khi châm lửa đốt. hung thủ đã bỏ đi. Tuy nhiên sau đó lửa không cháy hết như hắn dự tính.","product_thumb":["Tạm thời chưa có"],"product_quantity":100,"product_price":100000,"product_type":"Book","product_accountId":"677229b88d0a7747ccddf270","product_attributes":{"provider":"Nhã Nam","author":"Keigo Higashino","cover":"soft","lang":"vi","accountId":"677229b88d0a7747ccddf270"}}}
2025-01-28 18:04:19 - INFO - POST /cart/add - fba9bf8c-b7b4-491d-8db6-224af2988646 - Request To Server - {"body":{"userId":"679247e8ac71751fe9ee0d74","productId":"6798b99906f092d56ad42ed3","quantity":10,"price":10000}}
2025-01-28 18:11:28 - INFO - POST /cart/remove-item - d87d2243-719f-46d8-9395-470ceb43d8d8 - Request To Server - {"body":{"cartId":"6797acf145b6220c2b0a79b2","userId":"679247e8ac71751fe9ee0d74","productId":"677ea9f4ec7f56c439619eb1"}}
2025-01-28 18:11:50 - INFO - POST /cart/remove-item - 04c24bf0-b8fb-4d96-9aad-350bc64aa11e - Request To Server - {"body":{"cartId":"6797acf145b6220c2b0a79b2","userId":"679247e8ac71751fe9ee0d74","productId":"677ea9f4ec7f56c439619eb1"}}
2025-01-28 18:13:10 - INFO - POST /cart/remove-item - 3b28265a-3df2-41bb-bc05-bb132e7aaa4e - Request To Server - {"body":{"cartId":"6798b3b931b9c578c97424a0","userId":"679247e8ac71751fe9ee0d74","productId":"677ea9f4ec7f56c439619eb1"}}
2025-01-28 18:13:45 - INFO - POST /admin/products/create - f729193f-47ed-4482-ae81-52b81d6f82c2 - Request To Server - {"body":{"product_categoryId":"6773ed0c305e8d22e92ba096","product_name":"Suối nguồn","product_description":"Cảnh sát thu thập được một số vân tay trên tay lái, khung và yên xe. Ngoài chiếc xe đạp, cảnh sát còn tìm được quần áo được cho là của nạn nhân ở cách hiện trường khoảng một trăm mét. Áo khoác, áo len, tất và đồ lót của nạn nhân được nhét vào một cái can cỡ mười tám lít. Một phần quần áo đã bị đốt cháy. Có thể đoán sau khi châm lửa đốt. hung thủ đã bỏ đi. Tuy nhiên sau đó lửa không cháy hết như hắn dự tính.","product_thumb":["Tạm thời chưa có"],"product_quantity":100,"product_price":100000,"product_type":"Book","product_accountId":"677229b88d0a7747ccddf270","product_attributes":{"provider":"Nhã Nam","author":"Keigo Higashino","cover":"soft","lang":"vi","accountId":"677229b88d0a7747ccddf270"}}}
2025-01-28 18:14:17 - INFO - POST /cart/add - 532d65fa-1392-431d-9239-64efe00b9a0e - Request To Server - {"body":{"userId":"679247e8ac71751fe9ee0d74","productId":"6798bbe971a777c276a859d8","quantity":5,"price":5000}}
2025-01-28 18:15:24 - INFO - POST /cart/add - 1d86f482-518a-4e66-b5dc-3cf013177bcb - Request To Server - {"body":{"userId":"679247e8ac71751fe9ee0d74","productId":"6798bbe971a777c276a859d8","quantity":5,"price":5000}}
2025-01-28 18:20:33 - INFO - POST /cart/add - 28ccd405-0d3a-4210-958d-d8df2933df91 - Request To Server - {"body":{"userId":"679247e8ac71751fe9ee0d74","productId":"6798bbe971a777c276a859d8","quantity":5,"price":5000}}
2025-01-28 18:20:47 - INFO - POST /cart/remove-item - aef7a710-ee9e-428a-8747-25f0f161b71d - Request To Server - {"body":{"cartId":"6798b3b931b9c578c97424a0","userId":"679247e8ac71751fe9ee0d74","productId":"677ea9f4ec7f56c439619eb1"}}
2025-01-28 18:22:19 - INFO - POST /cart/remove-item - 7a0e7ab1-2896-4630-a874-453179c649ce - Request To Server - {"body":{"cartId":"6798b3b931b9c578c97424a0","userId":"679247e8ac71751fe9ee0d74","productId":"677ea9f4ec7f56c439619eb1"}}
2025-01-28 18:22:53 - INFO - POST /cart/remove-item - 3f9bed35-8629-414e-ac57-127567515619 - Request To Server - {"body":{"cartId":"6798b3b931b9c578c97424a0","userId":"679247e8ac71751fe9ee0d74","productId":"677ea9f4ec7f56c439619eb1"}}
2025-01-28 18:24:03 - INFO - POST /cart/remove-item - 367eeb6b-c51d-4c7b-a8cf-a5b4112be803 - Request To Server - {"body":{"cartId":"6798b3b931b9c578c97424a0","userId":"679247e8ac71751fe9ee0d74","productId":"677ea9f4ec7f56c439619eb1"}}
2025-01-28 18:24:19 - INFO - POST /cart/remove-item - 4f41de59-e3c9-4f07-85fb-9f3457717a10 - Request To Server - {"body":{"cartId":"6798b3b931b9c578c97424a0","userId":"679247e8ac71751fe9ee0d74","productId":"677ea9f4ec7f56c439619eb1"}}
2025-01-28 18:25:42 - INFO - POST /cart/remove-item - c63646f4-1bbe-412d-80e2-9cbd199089dc - Request To Server - {"body":{"cartId":"6798b3b931b9c578c97424a0","userId":"679247e8ac71751fe9ee0d74","productId":"677ea9f4ec7f56c439619eb1"}}
2025-01-28 18:25:58 - INFO - POST /cart/remove-item - b652c33c-13e1-4408-a423-ff0df0ca5abf - Request To Server - {"body":{"cartId":"6798b3b931b9c578c97424a0","userId":"679247e8ac71751fe9ee0d74","productId":"677ea9f4ec7f56c439619eb1"}}
2025-01-28 18:28:22 - INFO - POST /cart/remove-item - 38ae3298-adeb-452c-a850-424f5948c533 - Request To Server - {"body":{"cartId":"6798b3b931b9c578c97424a0","userId":"679247e8ac71751fe9ee0d74","productId":"677ea9f4ec7f56c439619eb1"}}
2025-01-28 18:29:13 - INFO - POST /cart/remove-item - 01bd88af-fc91-4113-874d-883306b2e831 - Request To Server - {"body":{"cartId":"6798b3b931b9c578c97424a0","userId":"679247e8ac71751fe9ee0d74","productId":"677ea9f4ec7f56c439619eb1"}}
2025-01-28 18:30:17 - INFO - POST /cart/remove-item - ed4d1f06-c785-4d70-9316-22fd416596e7 - Request To Server - {"body":{"cartId":"6798b3b931b9c578c97424a0","userId":"679247e8ac71751fe9ee0d74","productId":"677ea9f4ec7f56c439619eb1"}}
2025-01-28 18:30:48 - INFO - POST /cart/remove-item - 63544f40-ebc9-4681-8ce9-3bffda377108 - Request To Server - {"body":{"cartId":"6798b3b931b9c578c97424a0","userId":"679247e8ac71751fe9ee0d74","productId":"677ea9f4ec7f56c439619eb1"}}
2025-01-28 18:30:59 - INFO - POST /cart/remove-item - a46c7e13-5bca-44cb-8cfb-3e3d199b9b23 - Request To Server - {"body":{"cartId":"6798b3b931b9c578c97424a0","userId":"679247e8ac71751fe9ee0d74","productId":"677ea9f4ec7f56c439619eb1"}}
2025-01-28 18:31:24 - INFO - POST /cart/remove-item - 06a106f3-b040-4fa3-ba8b-734f74c9458f - Request To Server - {"body":{"cartId":"6798b3b931b9c578c97424a0","userId":"679247e8ac71751fe9ee0d74","productId":"677ea9f4ec7f56c439619eb1"}}
2025-01-28 18:31:52 - INFO - POST /cart/remove-item - 158ef787-0a92-40a5-ad50-1ec2aabb3ab4 - Request To Server - {"body":{"cartId":"6798b3b931b9c578c97424a0","userId":"679247e8ac71751fe9ee0d74","productId":"677ea9f4ec7f56c439619eb1"}}
2025-01-28 18:34:38 - INFO - POST /cart/remove-item - e5f2bf28-2136-4839-a868-81b5811824fe - Request To Server - {"body":{"cartId":"6798b3b931b9c578c97424a0","userId":"679247e8ac71751fe9ee0d74","productId":"677ea9f4ec7f56c439619eb1"}}
2025-01-28 18:35:28 - INFO - POST /cart/remove-item - 8b8f082f-8608-4a60-858d-0c5cdbe583d4 - Request To Server - {"body":{"cartId":"6798b3b931b9c578c97424a0","userId":"679247e8ac71751fe9ee0d74","productId":"677ea9f4ec7f56c439619eb1"}}
2025-01-28 18:38:10 - INFO - POST /cart/remove-item - 1d8285c3-2157-4ade-84bb-a33894a46bf7 - Request To Server - {"body":{"cartId":"6798b3b931b9c578c97424a0","userId":"679247e8ac71751fe9ee0d74","productId":"677ea9f4ec7f56c439619eb1"}}
2025-01-28 18:38:47 - INFO - POST /cart/remove-item - 127bd369-43ed-495d-ada8-65c2bfe42f72 - Request To Server - {"body":{"cartId":"6798b3b931b9c578c97424a0","userId":"679247e8ac71751fe9ee0d74","productId":"677ea9f4ec7f56c439619eb1"}}
2025-01-28 18:39:13 - INFO - POST /cart/remove-item - 06676308-9679-4fb4-99e8-40ba1c6b7599 - Request To Server - {"body":{"cartId":"6798b3b931b9c578c97424a0","userId":"679247e8ac71751fe9ee0d74","productId":"677ea9f4ec7f56c439619eb1"}}
2025-01-28 18:39:46 - INFO - POST /cart/add - 3fca981b-3682-4302-9b76-b05918cb6833 - Request To Server - {"body":{"userId":"679247e8ac71751fe9ee0d74","productId":"6798bbe971a777c276a859d8","quantity":5,"price":5000}}
2025-01-28 18:40:00 - INFO - POST /cart/add - 7eba9437-acd8-471d-9360-0ee542e318ac - Request To Server - {"body":{"userId":"679247e8ac71751fe9ee0d74","productId":"679247e8ac71751fe9ee0d74","quantity":10,"price":15000}}
2025-01-28 18:41:37 - INFO - POST /cart/add - 42c3512a-ad64-4a9c-a227-76a717db1054 - Request To Server - {"body":{"userId":"679247e8ac71751fe9ee0d74","productId":"679247e8ac71751fe9ee0d74","quantity":10,"price":15000}}
2025-01-28 18:42:00 - INFO - POST /cart/remove-item - af6bf611-1b69-4a89-850a-f1ec2103f378 - Request To Server - {"body":{"cartId":"6798c202a478cb289e16c65f","userId":"679247e8ac71751fe9ee0d74","productId":"677ea9f4ec7f56c439619eb1"}}
2025-01-28 18:42:35 - INFO - POST /cart/remove-item - d9ac6661-0aba-42cc-ae8b-e166258d8d97 - Request To Server - {"body":{"cartId":"6798c202a478cb289e16c65f","userId":"679247e8ac71751fe9ee0d74","productId":"677ea9f4ec7f56c439619eb1"}}
2025-01-28 18:44:20 - INFO - POST /cart/remove-item - f2db7144-b1b7-4d3d-84d0-5e2b5f68c7d3 - Request To Server - {"body":{"cartId":"6798c202a478cb289e16c65f","userId":"679247e8ac71751fe9ee0d74","productId":"6798bbe971a777c276a859d8"}}
2025-01-28 18:44:34 - INFO - POST /cart/remove-item - 51dd7bec-de9a-416e-a219-baac1486a925 - Request To Server - {"body":{"cartId":"6798c202a478cb289e16c65f","userId":"679247e8ac71751fe9ee0d74","productId":"679247e8ac71751fe9ee0d74"}}
2025-01-28 18:45:37 - INFO - POST /cart/remove-item - 764e885a-e096-41cc-a029-f99c2bcb7a51 - Request To Server - {"body":{"cartId":"6798c202a478cb289e16c65f","userId":"679247e8ac71751fe9ee0d74","productId":"679247e8ac71751fe9ee0d74"}}
2025-01-28 20:56:03 - INFO - GET /cart/detail/6798c202a478cb289e16c65f - 28456284-0ea0-42b4-8ea3-31adf4b93c52 - Request To Server - {"body":{"userId":"679247e8ac71751fe9ee0d74"}}
2025-01-28 20:56:03 - ERROR - GET /cart/detail/6798c202a478cb289e16c65f - add7e363-7162-4db2-8d90-4e1952526424 - Time response: NaNms - {"message":"CastError: Cast to number failed for value \"undefined\" (type undefined) at path \"cart_count_products\"","module":"at castUpdateVal ","file":"\\castUpdate.js:581:13"}
2025-01-28 20:56:38 - INFO - GET /cart/detail/6798c202a478cb289e16c65f - 8f51710d-084f-49ac-8948-f179f92321cc - Request To Server - {"body":{"userId":"679247e8ac71751fe9ee0d74"}}
2025-01-28 20:56:45 - INFO - POST /cart/add - 0b31da24-13f4-4225-8286-9024355a886f - Request To Server - {"body":{"userId":"679247e8ac71751fe9ee0d74","productId":"679247e8ac71751fe9ee0d74","quantity":10,"price":15000}}
2025-01-28 20:56:50 - INFO - GET /cart/detail/6798c202a478cb289e16c65f - 280eb0b8-2be8-498b-b429-24445dc79934 - Request To Server - {"body":{"userId":"679247e8ac71751fe9ee0d74"}}
