2025-01-21 13:57:24 - INFO - POST /admin/accounts/create - 2a96c7ff-261e-4893-9a73-507934044082 - Request To Server - {"body":{"name":"Giang Hải","password":"matKhauSieuManh","tel":"0123456789","avatar":"","roleId":"67765f7bff3826c8401772ad"}}
2025-01-21 13:57:24 - ERROR - POST /admin/accounts/create - 83bb77b4-c7bc-49a3-a229-35c5b06f4423 - Time response: 1ms - {"message":"Error: \"body.email\" is required","module":"at D:\\Software\\Project\\management-backend-api\\middleware\\admin\\validate.middleware.js:28:21"}
2025-01-21 13:58:01 - INFO - POST /admin/accounts/create - 6fc8934e-2f5e-46bf-b063-726913e12b46 - Request To Server - {"body":{"name":"Giang Hải","email":"giangtruong100702@gmail.com","password":"matKhauSieuManh","tel":"0123456789","avatar":"","roleId":"67765f7bff3826c8401772ad"}}
2025-01-21 13:58:01 - ERROR - POST /admin/accounts/create - 1531d1d9-66c1-45ab-9e70-ac9b453dc3e0 - Time response: 0ms - {"message":"Error: Email đã tồn tại","module":"at AccountService.createAccount ","file":"D:\\Software\\Project\\management-backend-api\\services\\account.service.js:59:19"}
2025-01-21 14:10:11 - INFO - POST /admin/accounts/create - 153d8355-bcf1-4296-b819-c7baaf2a4ac2 - Request To Server - {"body":{"name":"Giang Hải","email":"giangtruong100702@gmail.com","password":"matKhauSieuManh","tel":"0123456789","avatar":"","roleId":"67765f7bff3826c8401772ad"}}
2025-01-21 14:10:11 - ERROR - POST /admin/accounts/create - 02db699c-20af-4937-a074-5a1ac87ed5d0 - Time response: 0ms - {"message":"Error: Email đã tồn tại","module":"at AccountService.createAccount ","file":"\\account.service.js:59:19"}
2025-01-21 14:10:30 - INFO - POST /admin/accounts/create - 898626c9-9483-44a8-bd63-f6b4524c4053 - Request To Server - {"body":{"name":"Giang Hải","password":"matKhauSieuManh","tel":"0123456789","avatar":"","roleId":"67765f7bff3826c8401772ad"}}
2025-01-21 14:10:30 - ERROR - POST /admin/accounts/create - a4dc743a-579b-4eb5-99ba-46b9858307b0 - Time response: 1ms - {"message":"Error: \"body.email\" is required","module":"at D:\\Software\\Project\\management-backend-api\\middleware\\admin\\validate.middleware.js:28:21"}
2025-01-21 20:10:48 - INFO - POST /admin/accounts/create - b70dde0c-39df-4649-adb0-6e690763e3b5 - Request To Server - {"body":{"name":"Giang Hải","password":"matKhauSieuManh","tel":"0123456789","avatar":"","roleId":"67765f7bff3826c8401772ad"}}
2025-01-21 20:10:48 - ERROR - POST /admin/accounts/create - 77f088b2-1906-4220-8403-b092b42b47a1 - Time response: 1ms - {"message":"Error: \"body.email\" is required","module":"at D:\\Software\\Project\\management-backend-api\\middleware\\admin\\validate.middleware.js:28:21"}
2025-01-21 20:50:55 - INFO - PATCH /admin/accounts/update-my-password - 8728b50b-c35e-4734-9293-7c46a443b5b8 - Request To Server - {"body":{"oldPassword":"matKhauSieuManh","newPassword":"sieuManhMatKhau","confirmNewPassword":"sieuManhMatKhau"}}
2025-01-21 20:50:55 - ERROR - PATCH /admin/accounts/update-my-password - f19dfd4b-edee-463b-a23a-2ed136f3dfdc - Time response: 0ms - {"message":"Error: \"params.id\" is required","module":"at D:\\Software\\Project\\management-backend-api\\middleware\\admin\\validate.middleware.js:28:21"}
2025-01-21 20:52:23 - INFO - PATCH /admin/accounts/update-my-password - 5df88640-c97c-4ab6-9d93-db85cdaeaa96 - Request To Server - {"body":{"oldPassword":"matKhauSieuManh","newPassword":"sieuManhMatKhau","confirmNewPassword":"sieuManhMatKhau"}}
2025-01-21 20:52:23 - ERROR - PATCH /admin/accounts/update-my-password - 4168e3bf-30d7-4cc2-a2cd-5ad9a59c673a - Time response: NaNms - {"message":"ReferenceError: req is not defined","module":"at AccountService.updatePassword ","file":"\\account.service.js:174:27"}
2025-01-21 20:53:34 - INFO - PATCH /admin/accounts/update-my-password - b8c30595-9834-40e3-8c1e-4d3412bb93ee - Request To Server - {"body":{"oldPassword":"matKhauSieuManh","newPassword":"sieuManhMatKhau","confirmNewPassword":"sieuManhMatKhau"}}
2025-01-21 20:53:34 - ERROR - PATCH /admin/accounts/update-my-password - 306365b8-21db-49cd-8bb0-6ef65b30cabd - Time response: 1ms - {"message":"Error: Old Password isn't valid","module":"at AccountService.updatePassword ","file":"\\account.service.js:182:19"}
2025-01-21 20:55:56 - INFO - PATCH /admin/accounts/update-my-password - 5497a541-306e-434f-a2fb-aa617fc43eb1 - Request To Server - {"body":{"oldPassword":"matKhauSieuManh","newPassword":"sieuManhMatKhau","confirmNewPassword":"sieuManhMatKhau"}}
2025-01-21 20:55:56 - ERROR - PATCH /admin/accounts/update-my-password - d1c80b70-418a-41b4-b957-01a03d4de455 - Time response: 0ms - {"message":"Error: Old Password isn't valid","module":"at AccountService.updatePassword ","file":"\\account.service.js:182:19"}
2025-01-21 20:58:18 - INFO - PATCH /admin/accounts/update-my-password - ba7eabe3-c194-4590-8455-c434ed03a2fd - Request To Server - {"body":{"oldPassword":"matKhauSieuManh","newPassword":"sieuManhMatKhau","confirmNewPassword":"sieuManhMatKhau"}}
2025-01-21 20:58:18 - ERROR - PATCH /admin/accounts/update-my-password - 5223c176-fdb9-46cd-ac8d-48bb0bd7b6ae - Time response: 0ms - {"message":"Error: Old Password isn't valid","module":"at AccountService.updatePassword ","file":"\\account.service.js:184:19"}
2025-01-21 20:58:23 - INFO - PATCH /admin/accounts/update-my-password - 3d749d8a-3d79-41d0-8e7a-a518c9d796d7 - Request To Server - {"body":{"oldPassword":"matKhauSieuManh","newPassword":"sieuManhMatKhau","confirmNewPassword":"sieuManhMatKhau"}}
2025-01-21 20:58:23 - ERROR - PATCH /admin/accounts/update-my-password - c467d910-e554-48ac-bf2e-b04eb6d96f61 - Time response: 0ms - {"message":"Error: Old Password isn't valid","module":"at AccountService.updatePassword ","file":"\\account.service.js:184:19"}
2025-01-21 20:58:49 - INFO - PATCH /admin/accounts/update-my-password - 17a2f020-3cd3-4b52-ac52-a4ad7e577fc8 - Request To Server - {"body":{"oldPassword":"matKhauSieuManh","newPassword":"sieuManhMatKhau","confirmNewPassword":"sieuManhMatKhau"}}
2025-01-21 20:58:50 - ERROR - PATCH /admin/accounts/update-my-password - f098c336-0766-445f-8c69-c1ecfbe6ffe5 - Time response: 3ms - {"message":"Error: Old Password isn't valid","module":"at AccountService.updatePassword ","file":"\\account.service.js:184:19"}
2025-01-21 20:59:08 - INFO - PATCH /admin/accounts/update-my-password - 6af450ff-9a59-40c0-b7ff-e5dd3cde1314 - Request To Server - {"body":{"oldPassword":"matKhauSieuManh","newPassword":"sieuManhMatKhau","confirmNewPassword":"sieuManhMatKhau"}}
2025-01-21 20:59:08 - ERROR - PATCH /admin/accounts/update-my-password - 51834fc6-a716-4281-90f5-65f0aa6be97e - Time response: 1ms - {"message":"Error: Account isn't valid","module":"at AccountService.updatePassword ","file":"\\account.service.js:178:33"}
2025-01-21 21:00:14 - INFO - PATCH /admin/accounts/update-my-password - d9ec66f1-e403-4200-be3f-7a2aae764c6d - Request To Server - {"body":{"oldPassword":"matKhauSieuManh","newPassword":"sieuManhMatKhau","confirmNewPassword":"sieuManhMatKhau"}}
2025-01-21 21:00:14 - ERROR - PATCH /admin/accounts/update-my-password - 677936de-87d3-4e17-a600-0e4017584d0e - Time response: 0ms - {"message":"Error: Account isn't valid","module":"at AccountService.updatePassword ","file":"\\account.service.js:180:33"}
2025-01-21 21:00:59 - INFO - PATCH /admin/accounts/update-my-password - 60b4b42b-dc5a-46c4-bab0-d82b0c6ffd7c - Request To Server - {"body":{"oldPassword":"matKhauSieuManh","newPassword":"sieuManhMatKhau","confirmNewPassword":"sieuManhMatKhau"}}
2025-01-21 21:00:59 - ERROR - PATCH /admin/accounts/update-my-password - e8ff12bc-c9d8-41e9-8d82-e1d7e3d5b8bd - Time response: 1ms - {"message":"Error: Old Password isn't valid","module":"at AccountService.updatePassword ","file":"\\account.service.js:186:19"}
2025-01-21 21:01:56 - INFO - PATCH /admin/accounts/update-my-password - 656e7060-5337-43af-888d-47cf46bbe20b - Request To Server - {"body":{"oldPassword":"matKhauSieuManh","newPassword":"sieuManhMatKhau","confirmNewPassword":"sieuManhMatKhau"}}
2025-01-21 21:01:57 - ERROR - PATCH /admin/accounts/update-my-password - 80b0187a-d0d0-4728-8641-2f0c98148561 - Time response: 2ms - {"message":"Error: Old Password isn't valid","module":"at AccountService.updatePassword ","file":"\\account.service.js:185:19"}
2025-01-21 21:02:50 - INFO - PATCH /admin/accounts/update-my-password - 13776f7b-d51e-47de-ad82-d9e5e984160b - Request To Server - {"body":{"oldPassword":"matKhauSieuManh","newPassword":"sieuManhMatKhau","confirmNewPassword":"sieuManhMatKhau"}}
2025-01-21 21:02:51 - ERROR - PATCH /admin/accounts/update-my-password - f477bc63-5d2f-4907-8885-5ce97ab0b3d1 - Time response: 0ms - {"message":"Error: Old Password isn't valid","module":"at AccountService.updatePassword ","file":"\\account.service.js:185:19"}
2025-01-21 21:03:48 - INFO - PATCH /admin/accounts/update-my-password - e2a221ed-0e68-4860-a0d0-a1fa55d21887 - Request To Server - {"body":{"oldPassword":"matKhauSieuManh","newPassword":"sieuManhMatKhau","confirmNewPassword":"sieuManhMatKhau"}}
2025-01-21 21:03:48 - ERROR - PATCH /admin/accounts/update-my-password - 2eeb713c-803b-478f-b82d-b70d59667326 - Time response: 0ms - {"message":"Error: Old Password isn't valid","module":"at AccountService.updatePassword ","file":"\\account.service.js:186:19"}
2025-01-21 21:04:10 - INFO - POST /admin/accounts/login - 1338d451-cb63-4169-9c54-d35119e04e4b - Request To Server - {"body":{"email":"giangtruong100702@gmail.com","password":"matKhauSieuManh"}}
2025-01-21 21:04:42 - INFO - PATCH /admin/accounts/update-my-password - e583e7ea-473c-4c41-84d7-19ea411c3d46 - Request To Server - {"body":{"oldPassword":"matKhauSieuManh","newPassword":"sieuManhMatKhau","confirmNewPassword":"sieuManhMatKhau"}}
2025-01-21 21:04:42 - ERROR - PATCH /admin/accounts/update-my-password - abc0c0d9-3030-45e6-8051-152d6a964535 - Time response: 0ms - {"message":"Error: Old Password isn't valid","module":"at AccountService.updatePassword ","file":"\\account.service.js:186:19"}
2025-01-21 21:05:15 - INFO - PATCH /admin/accounts/update-my-password - b6cc0d2d-42de-40dd-951b-4fbfd5884bb2 - Request To Server - {"body":{"oldPassword":"matKhauSieuManh","newPassword":"sieuManhMatKhau","confirmNewPassword":"sieuManhMatKhau"}}
2025-01-21 21:05:15 - ERROR - PATCH /admin/accounts/update-my-password - e7da1990-af79-4d3d-b4dd-345c0ef8d84b - Time response: 0ms - {"message":"Error: Old Password isn't valid","module":"at AccountService.updatePassword ","file":"\\account.service.js:187:19"}
2025-01-21 21:17:54 - INFO - PATCH /admin/accounts/update-my-password - 1da47185-d522-4c62-9419-4a36806bc64b - Request To Server - {"body":{"oldPassword":"matKhauSieuManh","newPassword":"sieuManhMatKhau","confirmNewPassword":"sieuManhMatKhau"}}
2025-01-21 21:17:54 - ERROR - PATCH /admin/accounts/update-my-password - 06bf8a8d-a48a-4afb-9485-42c3499bb863 - Time response: NaNms - {"message":"ValidationError: Account validation failed: account_roleId: Cast to ObjectId failed for value \"1\" (type string) at path \"account_roleId\" because of \"BSONError\"","module":"at Document.invalidate ","file":"\\document.js:3331:32"}
2025-01-21 21:18:51 - INFO - PATCH /admin/accounts/update-my-password - cf73302c-418e-4664-8226-9e15f5e29c00 - Request To Server - {"body":{"oldPassword":"matKhauSieuManh","newPassword":"sieuManhMatKhau","confirmNewPassword":"sieuManhMatKhau"}}
2025-01-21 21:18:52 - ERROR - PATCH /admin/accounts/update-my-password - 7b6c545b-e038-4922-b126-91ee98ff0896 - Time response: NaNms - {"message":"ValidationError: Account validation failed: account_roleId: Cast to ObjectId failed for value \"1\" (type string) at path \"account_roleId\" because of \"BSONError\"","module":"at Document.invalidate ","file":"\\document.js:3331:32"}
2025-01-21 21:18:57 - INFO - PATCH /admin/accounts/update-my-password - a58f0c04-a6f0-444d-b272-53bea2f42af8 - Request To Server - {"body":{"oldPassword":"matKhauSieuManh","newPassword":"sieuManhMatKhau","confirmNewPassword":"sieuManhMatKhau"}}
2025-01-21 21:18:58 - ERROR - PATCH /admin/accounts/update-my-password - 217e4ba9-e231-4c28-b63a-017374ebd985 - Time response: NaNms - {"message":"ValidationError: Account validation failed: account_roleId: Cast to ObjectId failed for value \"1\" (type string) at path \"account_roleId\" because of \"BSONError\"","module":"at Document.invalidate ","file":"\\document.js:3331:32"}
2025-01-21 21:23:35 - INFO - PATCH /admin/accounts/update-my-password - 61ac0d45-c825-40d8-a123-7f3129ff0042 - Request To Server - {"body":{"oldPassword":"matKhauSieuManh","newPassword":"sieuManhMatKhau","confirmNewPassword":"sieuManhMatKhau"}}
2025-01-21 21:23:35 - ERROR - PATCH /admin/accounts/update-my-password - 9af0d483-4bba-451e-bf8b-de9008037b9f - Time response: NaNms - {"message":"ValidationError: Account validation failed: account_roleId: Cast to ObjectId failed for value \"1\" (type string) at path \"account_roleId\" because of \"BSONError\"","module":"at Document.invalidate ","file":"\\document.js:3331:32"}
2025-01-21 21:24:02 - INFO - PATCH /admin/accounts/update-my-password - 5e6cfaef-fe40-4ddb-bde0-6d0d21a2cd41 - Request To Server - {"body":{"oldPassword":"matKhauSieuManh","newPassword":"sieuManhMatKhau","confirmNewPassword":"sieuManhMatKhau"}}
2025-01-21 21:24:02 - ERROR - PATCH /admin/accounts/update-my-password - 4ec45ce1-761a-4f50-a14e-faf3f44e6182 - Time response: NaNms - {"message":"ValidationError: Account validation failed: account_roleId: Cast to ObjectId failed for value \"1\" (type string) at path \"account_roleId\" because of \"BSONError\"","module":"at Document.invalidate ","file":"\\document.js:3331:32"}
2025-01-21 21:24:31 - INFO - PATCH /admin/accounts/update-my-password - 2f7a3bb5-8a17-41a7-8731-23070eea1278 - Request To Server - {"body":{"oldPassword":"matKhauSieuManh","newPassword":"sieuManhMatKhau","confirmNewPassword":"sieuManhMatKhau"}}
2025-01-21 21:24:31 - ERROR - PATCH /admin/accounts/update-my-password - 07dda8c4-38e8-4bf2-8732-3ba4c8e55d8a - Time response: NaNms - {"message":"ValidationError: Account validation failed: account_roleId: Cast to ObjectId failed for value \"1\" (type string) at path \"account_roleId\" because of \"BSONError\"","module":"at Document.invalidate ","file":"\\document.js:3331:32"}
2025-01-21 21:24:59 - INFO - PATCH /admin/accounts/update-my-password - 15361b08-931b-4d72-9b38-ad4589edf526 - Request To Server - {"body":{"oldPassword":"matKhauSieuManh","newPassword":"sieuManhMatKhau","confirmNewPassword":"sieuManhMatKhau"}}
2025-01-21 21:25:00 - ERROR - PATCH /admin/accounts/update-my-password - 3c56f8bb-2767-45cc-96a4-c6085f06717f - Time response: NaNms - {"message":"ValidationError: Account validation failed: account_roleId: Cast to ObjectId failed for value \"1\" (type string) at path \"account_roleId\" because of \"BSONError\"","module":"at Document.invalidate ","file":"\\document.js:3331:32"}
2025-01-21 21:25:49 - INFO - PATCH /admin/accounts/update-my-password - 0f0d34cf-546f-4676-a8a3-5551cff69a03 - Request To Server - {"body":{"oldPassword":"matKhauSieuManh","newPassword":"sieuManhMatKhau","confirmNewPassword":"sieuManhMatKhau"}}
2025-01-21 21:25:50 - ERROR - PATCH /admin/accounts/update-my-password - ef1ba884-e90c-4d1b-82f1-a589d8e08db2 - Time response: NaNms - {"message":"ValidationError: Account validation failed: account_roleId: Cast to ObjectId failed for value \"1\" (type string) at path \"account_roleId\" because of \"BSONError\"","module":"at Document.invalidate ","file":"\\document.js:3331:32"}
2025-01-21 21:29:49 - INFO - PATCH /admin/accounts/update-my-password - bbbd5b45-85d2-4a90-9384-76d08610517d - Request To Server - {"body":{"oldPassword":"matKhauSieuManh","newPassword":"sieuManhMatKhau","confirmNewPassword":"sieuManhMatKhau"}}
2025-01-21 21:29:49 - ERROR - PATCH /admin/accounts/update-my-password - c67f937d-7da1-4415-bea1-35afa3b639e5 - Time response: NaNms - {"message":"ValidationError: Account validation failed: account_roleId: Cast to ObjectId failed for value \"1\" (type string) at path \"account_roleId\" because of \"BSONError\"","module":"at Document.invalidate ","file":"\\document.js:3331:32"}
2025-01-21 21:30:40 - INFO - PATCH /admin/accounts/update-my-password - 68f3e132-dcb3-4c92-99b3-383cc6d8cb8e - Request To Server - {"body":{"oldPassword":"matKhauSieuManh","newPassword":"sieuManhMatKhau","confirmNewPassword":"sieuManhMatKhau"}}
2025-01-21 21:30:40 - ERROR - PATCH /admin/accounts/update-my-password - 908404ff-9f7c-4e12-8733-510d0e83a219 - Time response: NaNms - {"message":"ValidationError: Account validation failed: account_roleId: Cast to ObjectId failed for value \"1\" (type string) at path \"account_roleId\" because of \"BSONError\"","module":"at Document.invalidate ","file":"\\document.js:3331:32"}
2025-01-21 21:32:21 - INFO - PATCH /admin/accounts/update-my-password - 02f35355-a3a9-4ca9-a928-915c0c966c46 - Request To Server - {"body":{"oldPassword":"matKhauSieuManh","newPassword":"sieuManhMatKhau","confirmNewPassword":"sieuManhMatKhau"}}
2025-01-21 21:32:21 - ERROR - PATCH /admin/accounts/update-my-password - 13eaff1b-c340-4f18-a1cd-7cd5cbe6ae17 - Time response: NaNms - {"message":"TypeError: foundAccount.save is not a function","module":"at AccountService.updatePassword ","file":"\\account.service.js:178:28"}
2025-01-21 21:32:42 - INFO - PATCH /admin/accounts/update-my-password - 0e8da483-fbbb-4051-b34b-a432a20739ad - Request To Server - {"body":{"oldPassword":"matKhauSieuManh","newPassword":"sieuManhMatKhau","confirmNewPassword":"sieuManhMatKhau"}}
2025-01-21 21:32:42 - ERROR - PATCH /admin/accounts/update-my-password - 5d139f2b-7f00-4b3e-ae7e-c0a3e033106a - Time response: NaNms - {"message":"ValidationError: Account validation failed: account_roleId: Cast to ObjectId failed for value \"1\" (type string) at path \"account_roleId\" because of \"BSONError\"","module":"at Document.invalidate ","file":"\\document.js:3331:32"}
2025-01-21 21:33:43 - INFO - PATCH /admin/accounts/update-my-password - 9de4cda3-2ea0-4ed9-ab80-a2d5e97a982f - Request To Server - {"body":{"oldPassword":"matKhauSieuManh","newPassword":"sieuManhMatKhau","confirmNewPassword":"sieuManhMatKhau"}}
2025-01-21 21:33:43 - ERROR - PATCH /admin/accounts/update-my-password - 6d7bac8d-2b3f-41f7-b0de-09ba4cf35879 - Time response: NaNms - {"message":"ValidationError: Account validation failed: account_roleId: Cast to ObjectId failed for value \"1\" (type string) at path \"account_roleId\" because of \"BSONError\"","module":"at Document.invalidate ","file":"\\document.js:3331:32"}
2025-01-21 21:34:17 - INFO - PATCH /admin/accounts/update-my-password - f5a2c629-7180-4023-b985-329ec0f47bc7 - Request To Server - {"body":{"oldPassword":"matKhauSieuManh","newPassword":"sieuManhMatKhau","confirmNewPassword":"sieuManhMatKhau"}}
2025-01-21 21:34:24 - INFO - POST /admin/accounts/login - 7af58a55-18c6-4666-992b-5f6182888833 - Request To Server - {"body":{"email":"giangtruong100702@gmail.com","password":"matKhauSieuManh"}}
2025-01-21 21:34:24 - ERROR - POST /admin/accounts/login - 2ab4d99c-53dc-44bc-a8ad-2bb89a69fb23 - Time response: 1ms - {"message":"Error: Đăng nhập thất bại","module":"at AccountService.loginAccount ","file":"\\account.service.js:105:35"}
2025-01-21 23:09:42 - INFO - PATCH /admin/accounts/update-my-password - 14fc7f85-a61c-4479-a6ee-1c1fb3356e0b - Request To Server - {"body":{"oldPassword":"sieuManhMatKhau","newPassword":"matKhauSieuManh","confirmNewPassword":"matKhauSieuManh"}}
2025-01-21 23:46:11 - INFO - GET /admin/categories - 9459c3af-a0c1-4834-8777-e19fb285a5dc - Request To Server - {}
2025-01-21 23:46:11 - ERROR - GET /admin/categories - 09d952f9-0e31-4bf8-9027-9b69e37665e3 - Time response: NaNms - {"message":"ReferenceError: categoryId is not defined","module":"at module.exports.findAllCategory ","file":"\\category.repo.js:24:36"}
2025-01-21 23:46:59 - INFO - GET /admin/categories - ceb7cd87-7bfb-4846-9f04-33e21d4baabc - Request To Server - {}
2025-01-21 23:48:07 - INFO - GET /admin/categories - 0298b295-7f60-45d7-bfe2-ed7435d3411e - Request To Server - {}
2025-01-21 23:48:28 - INFO - GET /admin/categories - 18193559-7b6a-4aca-9018-b261c4af8795 - Request To Server - {}
2025-01-21 23:49:44 - INFO - GET /admin/categories - f75dd236-f54b-4952-85ef-6cd9b6cdeb2c - Request To Server - {}
2025-01-21 23:50:01 - INFO - GET /admin/categories - 45767b93-307a-44a0-99d3-75f82daf67b4 - Request To Server - {}
2025-01-21 23:50:18 - INFO - GET /admin/categories - f226307e-2ff9-41c2-bc13-df61263dab57 - Request To Server - {}
2025-01-21 23:50:35 - INFO - GET /admin/categories - ac6eb2c0-19c0-4adb-8939-d4fc38118bc4 - Request To Server - {}
